{"C:\\Users\\nivel\\Desktop\\filrouge\\assets\\scripts\\modal.js": {"path":"C:\\Users\\nivel\\Desktop\\filrouge\\assets\\scripts\\modal.js","statementMap":{"0":{"start":{"line":30,"column":2},"end":{"line":32,"column":3}},"1":{"start":{"line":31,"column":4},"end":{"line":31,"column":40}},"2":{"start":{"line":37,"column":2},"end":{"line":39,"column":3}},"3":{"start":{"line":38,"column":4},"end":{"line":38,"column":43}},"4":{"start":{"line":44,"column":23},"end":{"line":44,"column":68}},"5":{"start":{"line":45,"column":22},"end":{"line":45,"column":60}},"6":{"start":{"line":46,"column":24},"end":{"line":46,"column":70}},"7":{"start":{"line":48,"column":2},"end":{"line":50,"column":3}},"8":{"start":{"line":49,"column":4},"end":{"line":49,"column":73}},"9":{"start":{"line":49,"column":49},"end":{"line":49,"column":71}},"10":{"start":{"line":52,"column":2},"end":{"line":54,"column":3}},"11":{"start":{"line":53,"column":4},"end":{"line":53,"column":75}},"12":{"start":{"line":53,"column":50},"end":{"line":53,"column":73}},"13":{"start":{"line":56,"column":2},"end":{"line":62,"column":3}},"14":{"start":{"line":57,"column":4},"end":{"line":61,"column":7}},"15":{"start":{"line":58,"column":6},"end":{"line":60,"column":7}},"16":{"start":{"line":59,"column":8},"end":{"line":59,"column":32}},"17":{"start":{"line":66,"column":0},"end":{"line":66,"column":58}}},"fnMap":{"0":{"name":"openModal","decl":{"start":{"line":29,"column":16},"end":{"line":29,"column":25}},"loc":{"start":{"line":29,"column":39},"end":{"line":33,"column":1}},"line":29},"1":{"name":"closeModal","decl":{"start":{"line":36,"column":16},"end":{"line":36,"column":26}},"loc":{"start":{"line":36,"column":40},"end":{"line":40,"column":1}},"line":36},"2":{"name":"setupModal","decl":{"start":{"line":43,"column":16},"end":{"line":43,"column":26}},"loc":{"start":{"line":43,"column":29},"end":{"line":63,"column":1}},"line":43},"3":{"name":"(anonymous_3)","decl":{"start":{"line":49,"column":43},"end":{"line":49,"column":44}},"loc":{"start":{"line":49,"column":49},"end":{"line":49,"column":71}},"line":49},"4":{"name":"(anonymous_4)","decl":{"start":{"line":53,"column":44},"end":{"line":53,"column":45}},"loc":{"start":{"line":53,"column":50},"end":{"line":53,"column":73}},"line":53},"5":{"name":"(anonymous_5)","decl":{"start":{"line":57,"column":42},"end":{"line":57,"column":43}},"loc":{"start":{"line":57,"column":53},"end":{"line":61,"column":5}},"line":57}},"branchMap":{"0":{"loc":{"start":{"line":30,"column":2},"end":{"line":32,"column":3}},"type":"if","locations":[{"start":{"line":30,"column":2},"end":{"line":32,"column":3}},{"start":{},"end":{}}],"line":30},"1":{"loc":{"start":{"line":37,"column":2},"end":{"line":39,"column":3}},"type":"if","locations":[{"start":{"line":37,"column":2},"end":{"line":39,"column":3}},{"start":{},"end":{}}],"line":37},"2":{"loc":{"start":{"line":48,"column":2},"end":{"line":50,"column":3}},"type":"if","locations":[{"start":{"line":48,"column":2},"end":{"line":50,"column":3}},{"start":{},"end":{}}],"line":48},"3":{"loc":{"start":{"line":52,"column":2},"end":{"line":54,"column":3}},"type":"if","locations":[{"start":{"line":52,"column":2},"end":{"line":54,"column":3}},{"start":{},"end":{}}],"line":52},"4":{"loc":{"start":{"line":56,"column":2},"end":{"line":62,"column":3}},"type":"if","locations":[{"start":{"line":56,"column":2},"end":{"line":62,"column":3}},{"start":{},"end":{}}],"line":56},"5":{"loc":{"start":{"line":58,"column":6},"end":{"line":60,"column":7}},"type":"if","locations":[{"start":{"line":58,"column":6},"end":{"line":60,"column":7}},{"start":{},"end":{}}],"line":58}},"s":{"0":3,"1":3,"2":2,"3":2,"4":3,"5":3,"6":3,"7":3,"8":3,"9":3,"10":3,"11":3,"12":1,"13":3,"14":3,"15":2,"16":1,"17":1},"f":{"0":3,"1":2,"2":3,"3":3,"4":1,"5":2},"b":{"0":[3,0],"1":[2,0],"2":[3,0],"3":[3,0],"4":[3,0],"5":[1,1]},"_coverageSchema":"1a1c01bbd47fc00a2c39e90264f33305004495a9","hash":"284030383712b32f11bb03bd68c99933e473947d"}
}
