TN:
SF:assets\scripts\modal.js
FN:29,openModal
FN:36,closeModal
FN:43,setupModal
FN:49,(anonymous_3)
FN:53,(anonymous_4)
FN:57,(anonymous_5)
FNF:6
FNH:6
FNDA:3,openModal
FNDA:2,closeModal
FNDA:3,setupModal
FNDA:3,(anonymous_3)
FNDA:1,(anonymous_4)
FNDA:2,(anonymous_5)
DA:30,3
DA:31,3
DA:37,2
DA:38,2
DA:44,3
DA:45,3
DA:46,3
DA:48,3
DA:49,3
DA:52,3
DA:53,3
DA:56,3
DA:57,3
DA:58,2
DA:59,1
DA:66,1
LF:16
LH:16
BRDA:30,0,0,3
BRDA:30,0,1,0
BRDA:37,1,0,2
BRDA:37,1,1,0
BRDA:48,2,0,3
BRDA:48,2,1,0
BRDA:52,3,0,3
BRDA:52,3,1,0
BRDA:56,4,0,3
BRDA:56,4,1,0
BRDA:58,5,0,1
BRDA:58,5,1,1
BRF:12
BRH:7
end_of_record
